<?xml version="1.0" encoding="utf-8"?><testsuites name="pytest tests"><testsuite name="pytest" errors="0" failures="0" skipped="0" tests="116" time="48.774" timestamp="2026-04-26T06:47:45.481541+00:00" hostname="agent-env-20f16442-46b5-4575-80a9-7681c1cab858"><testcase classname="tests.test_chaioz_api" name="test_health" time="0.112" /><testcase classname="tests.test_chaioz_api.TestAuth" name="test_register_sets_cookie_and_defaults" time="0.327" /><testcase classname="tests.test_chaioz_api.TestAuth" name="test_register_duplicate_email" time="0.436" /><testcase classname="tests.test_chaioz_api.TestAuth" name="test_admin_login_returns_admin_role" time="0.375" /><testcase classname="tests.test_chaioz_api.TestAuth" name="test_me_unauth" time="0.100" /><testcase classname="tests.test_chaioz_api.TestAuth" name="test_login_invalid_credentials" time="0.330" /><testcase classname="tests.test_chaioz_api.TestAuth" name="test_logout_clears_cookie" time="0.523" /><testcase classname="tests.test_chaioz_api.TestMenu" name="test_categories" time="0.108" /><testcase classname="tests.test_chaioz_api.TestMenu" name="test_items_count_and_filter" time="0.218" /><testcase classname="tests.test_chaioz_api.TestMenu" name="test_bestsellers" time="0.252" /><testcase classname="tests.test_chaioz_api.TestProducts" name="test_list_products" time="0.103" /><testcase classname="tests.test_chaioz_api.TestOrders" name="test_create_order_guest_square_mock_paid" time="0.200" /><testcase classname="tests.test_chaioz_api.TestOrders" name="test_create_order_empty_400" time="0.095" /><testcase classname="tests.test_chaioz_api.TestOrders" name="test_order_awards_loyalty_points" time="0.240" /><testcase classname="tests.test_chaioz_api.TestOrders" name="test_orders_me_requires_auth" time="0.098" /><testcase classname="tests.test_chaioz_api.TestOrders" name="test_orders_me_returns_user_orders" time="0.050" /><testcase classname="tests.test_chaioz_api.TestAdmin" name="test_stats_non_admin_forbidden" time="0.044" /><testcase classname="tests.test_chaioz_api.TestAdmin" name="test_stats_admin" time="0.069" /><testcase classname="tests.test_chaioz_api.TestAdmin" name="test_admin_update_order_status" time="0.355" /><testcase classname="tests.test_chaioz_api.TestAdmin" name="test_admin_update_menu_toggle" time="0.319" /><testcase classname="tests.test_chaioz_phase1_iter10" name="test_register_rejects_short_password" time="0.119" /><testcase classname="tests.test_chaioz_phase1_iter10" name="test_register_rejects_password_without_digit" time="0.136" /><testcase classname="tests.test_chaioz_phase1_iter10" name="test_register_rejects_password_without_letter" time="0.101" /><testcase classname="tests.test_chaioz_phase1_iter10" name="test_register_rejects_short_name" time="0.117" /><testcase classname="tests.test_chaioz_phase1_iter10" name="test_register_rejects_disposable_email" time="0.102" /><testcase classname="tests.test_chaioz_phase1_iter10" name="test_register_rejects_invalid_phone" time="0.106" /><testcase classname="tests.test_chaioz_phase1_iter10" name="test_register_accepts_good_payload" time="0.340" /><testcase classname="tests.test_chaioz_phase1_iter10" name="test_loyalty_program_graceful_when_not_setup" time="0.449" /><testcase classname="tests.test_chaioz_phase1_iter10" name="test_loyalty_me_requires_auth" time="0.100" /><testcase classname="tests.test_chaioz_phase1_iter10" name="test_loyalty_me_after_login_has_safe_shape" time="1.092" /><testcase classname="tests.test_chaioz_phase1_iter10" name="test_admin_sync_square_menu" time="0.680" /><testcase classname="tests.test_chaioz_phase1_iter10" name="test_admin_sync_square_menu_requires_auth" time="0.091" /><testcase classname="tests.test_chaioz_phase1_iter10" name="test_webhook_catalog_version_updated_triggers_resync" time="0.096" /><testcase classname="tests.test_chaioz_phase1_iter10" name="test_webhook_inventory_count_updated_triggers_resync" time="0.099" /><testcase classname="tests.test_chaioz_phase1_iter11" name="test_register_rejects_bad_token" time="0.097" /><testcase classname="tests.test_chaioz_phase1_iter11" name="test_register_anon_valid_token" time="0.129" /><testcase classname="tests.test_chaioz_phase1_iter11" name="test_register_user_token_promotes_from_anon" time="0.850" /><testcase classname="tests.test_chaioz_phase1_iter11" name="test_unregister_requires_auth" time="0.095" /><testcase classname="tests.test_chaioz_phase1_iter11" name="test_unregister_removes_token" time="0.853" /><testcase classname="tests.test_chaioz_phase1_iter11" name="test_aasa_endpoint" time="0.096" /><testcase classname="tests.test_chaioz_phase1_iter11" name="test_assetlinks_endpoint" time="0.109" /><testcase classname="tests.test_chaioz_phase1_iter11" name="test_broadcast_requires_auth" time="0.098" /><testcase classname="tests.test_chaioz_phase1_iter11" name="test_broadcast_rejects_missing_fields" time="0.522" /><testcase classname="tests.test_chaioz_phase1_iter11" name="test_broadcast_rejects_over_length" time="0.435" /><testcase classname="tests.test_chaioz_phase1_iter11" name="test_broadcast_accepts_valid" time="0.489" /><testcase classname="tests.test_chaioz_phase1_iter2.TestUploads" name="test_upload_requires_admin" time="0.101" /><testcase classname="tests.test_chaioz_phase1_iter2.TestUploads" name="test_upload_non_admin_forbidden" time="0.835" /><testcase classname="tests.test_chaioz_phase1_iter2.TestUploads" name="test_upload_admin_success_and_public_fetch" time="0.762" /><testcase classname="tests.test_chaioz_phase1_iter2.TestUploads" name="test_upload_bad_ext_rejected" time="0.048" /><testcase classname="tests.test_chaioz_phase1_iter2.TestAdminMenuCRUD" name="test_create_menu_item" time="0.221" /><testcase classname="tests.test_chaioz_phase1_iter2.TestAdminMenuCRUD" name="test_update_menu_item" time="0.174" /><testcase classname="tests.test_chaioz_phase1_iter2.TestAdminMenuCRUD" name="test_delete_menu_item" time="0.208" /><testcase classname="tests.test_chaioz_phase1_iter2.TestAdminMenuCRUD" name="test_create_requires_fields" time="0.052" /><testcase classname="tests.test_chaioz_phase1_iter2.TestAdminMenuCRUD" name="test_create_non_admin_forbidden" time="0.046" /><testcase classname="tests.test_chaioz_phase1_iter2.TestBestsellerImages" name="test_bestsellers_have_distinct_images" time="0.122" /><testcase classname="tests.test_chaioz_phase1_iter2.TestCartRecovery" name="test_snapshot_empty" time="0.096" /><testcase classname="tests.test_chaioz_phase1_iter2.TestCartRecovery" name="test_snapshot_no_contact" time="0.096" /><testcase classname="tests.test_chaioz_phase1_iter2.TestCartRecovery" name="test_snapshot_with_email_ok" time="0.102" /><testcase classname="tests.test_chaioz_phase1_iter2.TestCartRecovery" name="test_snapshot_with_phone_ok" time="0.096" /><testcase classname="tests.test_chaioz_phase1_iter2.TestCartRecovery" name="test_scan_returns_count" time="0.114" /><testcase classname="tests.test_chaioz_phase1_iter2.TestDeliveryQuote" name="test_quote_mock_response" time="0.097" /><testcase classname="tests.test_chaioz_phase1_iter2.TestDeliveryOrder" name="test_delivery_order_creates_with_mock_tracking" time="0.316" /><testcase classname="tests.test_chaioz_phase1_iter2.TestPickupRegression" name="test_pickup_order_still_works" time="0.214" /><testcase classname="tests.test_chaioz_phase1_iter2.TestOrderReadyNotification" name="test_ready_status_triggers_dev_sms" time="0.366" /><testcase classname="tests.test_chaioz_phase1_iter2.TestAuthRegression" name="test_me_admin" time="0.060" /><testcase classname="tests.test_chaioz_phase1_iter2.TestAuthRegression" name="test_stats_admin_ok" time="0.063" /><testcase classname="tests.test_chaioz_phase1_iter5.TestCombos" name="test_combos_shape_and_savings" time="0.097" /><testcase classname="tests.test_chaioz_phase1_iter5.TestMenuTags" name="test_items_have_tags_array" time="0.049" /><testcase classname="tests.test_chaioz_phase1_iter5.TestMenuTags" name="test_bun_maska_tags" time="0.048" /><testcase classname="tests.test_chaioz_phase1_iter5.TestMenuTags" name="test_filter_quick_breakfast" time="0.045" /><testcase classname="tests.test_chaioz_phase1_iter5.TestMenuTags" name="test_filter_under_10" time="0.055" /><testcase classname="tests.test_chaioz_phase1_iter5.TestUsualAndReorder" name="test_usual_after_order" time="0.563" /><testcase classname="tests.test_chaioz_phase1_iter5.TestUsualAndReorder" name="test_reorder_clones_order" time="0.049" /><testcase classname="tests.test_chaioz_phase1_iter5.TestUsualAndReorder" name="test_reorder_requires_auth" time="0.084" /><testcase classname="tests.test_chaioz_phase1_iter5.TestUsualAndReorder" name="test_reorder_404_on_other_user_order" time="0.047" /><testcase classname="tests.test_chaioz_phase1_iter5.TestAdminStats" name="test_stats_has_morning_evening_hourly" time="0.381" /><testcase classname="tests.test_chaioz_phase1_iter5.TestSquareSync" name="test_square_order_id_appears" time="1.139" /><testcase classname="tests.test_chaioz_phase1_iter5.TestRegressionSmoke" name="test_auth_me_and_logout" time="0.092" /><testcase classname="tests.test_chaioz_phase1_iter5.TestRegressionSmoke" name="test_instagram_feed" time="0.082" /><testcase classname="tests.test_chaioz_phase1_iter6.TestSquarePOSSync" name="test_asap_pickup_order_syncs_to_square" time="1.887" /><testcase classname="tests.test_chaioz_phase1_iter6.TestSquarePOSSync" name="test_delivery_order_syncs_to_square" time="1.745" /><testcase classname="tests.test_chaioz_phase1_iter6.TestSquarePOSSync" name="test_valid_iso_pickup_time_syncs_to_square" time="1.764" /><testcase classname="tests.test_chaioz_phase1_iter6.TestAuthMeAnonymous" name="test_anonymous_returns_200_null" time="0.092" /><testcase classname="tests.test_chaioz_phase1_iter6.TestAuthMeAnonymous" name="test_cookie_session_returns_user" time="0.373" /><testcase classname="tests.test_chaioz_phase1_iter6.TestAuthToken" name="test_token_valid_creds" time="0.271" /><testcase classname="tests.test_chaioz_phase1_iter6.TestAuthToken" name="test_token_invalid_creds" time="0.268" /><testcase classname="tests.test_chaioz_phase1_iter6.TestAuthToken" name="test_bearer_auth_on_me_orders_reorder" time="0.902" /><testcase classname="tests.test_chaioz_phase1_iter6.TestAdminStatsDST" name="test_stats_has_morning_evening_and_sum_matches_month" time="0.055" /><testcase classname="tests.test_chaioz_phase1_iter6.TestMenuItemTagsOverride" name="test_admin_created_item_uses_stored_tags" time="0.153" /><testcase classname="tests.test_chaioz_phase1_iter6.TestMenuItemTagsOverride" name="test_fallback_derived_tags_still_work" time="0.053" /><testcase classname="tests.test_chaioz_phase1_iter6.TestCombosFromDB" name="test_public_combos_has_three_with_savings" time="0.046" /><testcase classname="tests.test_chaioz_phase1_iter6.TestCombosFromDB" name="test_admin_combo_crud" time="0.348" /><testcase classname="tests.test_chaioz_phase1_iter6.TestCombosFromDB" name="test_combo_with_nonexistent_item_is_skipped" time="0.140" /><testcase classname="tests.test_chaioz_phase1_iter6.TestReorderTryExcept" name="test_reorder_legacy_missing_subtotal" time="0.424" /><testcase classname="tests.test_chaioz_phase1_iter6.TestReorderTryExcept" name="test_reorder_not_found_returns_404" time="0.050" /><testcase classname="tests.test_chaioz_phase1_iter6.TestUsualNormalisation" name="test_multi_suffix_patterns_all_normalise" time="0.594" /><testcase classname="tests.test_chaioz_phase1_iter7.TestASAPOrdersRetest" name="test_asap_pickup_with_email_returns_200_and_iso_pickup_time" time="1.866" /><testcase classname="tests.test_chaioz_phase1_iter7.TestASAPOrdersRetest" name="test_asap_delivery_with_email_returns_200_square_synced" time="1.796" /><testcase classname="tests.test_chaioz_phase1_iter7.TestReorderLegacyMissingCustomerName" name="test_reorder_order_with_customer_name_unset_does_not_500" time="0.493" /><testcase classname="tests.test_chaioz_phase1_iter7.TestCombosPartialResolution" name="test_partial_combo_is_skipped" time="0.479" /><testcase classname="tests.test_chaioz_phase1_iter8.TestWebhookHealth" name="test_health_returns_expected_shape" time="0.098" /><testcase classname="tests.test_chaioz_phase1_iter8.TestWebhookStateMapping" name="test_order_updated_prepared_maps_to_ready_and_sends_sms" time="2.117" /><testcase classname="tests.test_chaioz_phase1_iter8.TestWebhookStateMapping" name="test_order_updated_completed_maps_to_completed" time="0.688" /><testcase classname="tests.test_chaioz_phase1_iter8.TestWebhookStateMapping" name="test_webhook_unknown_square_order_id_returns_matched_false" time="0.083" /><testcase classname="tests.test_chaioz_phase1_iter8.TestWebhookStateMapping" name="test_payment_updated_persists_square_payment_status" time="0.686" /><testcase classname="tests.test_chaioz_phase1_iter8.TestWebhookSignature" name="test_valid_signature_returns_200" time="3.178" /><testcase classname="tests.test_chaioz_phase1_iter8.TestWebhookSignature" name="test_invalid_signature_returns_401" time="0.100" /><testcase classname="tests.test_chaioz_phase1_iter8.TestWebhookSignature" name="test_missing_signature_header_returns_401" time="3.047" /><testcase classname="tests.test_chaioz_phase1_iter8.TestAdminCombosCRUD" name="test_admin_combos_listing_includes_inactive" time="0.581" /><testcase classname="tests.test_chaioz_phase1_iter8.TestAdminCombosCRUD" name="test_admin_combo_full_crud_and_save_calc" time="0.344" /><testcase classname="tests.test_chaioz_phase1_iter9.TestAdminProductsCRUD" name="test_products_auth_required" time="0.098" /><testcase classname="tests.test_chaioz_phase1_iter9.TestAdminProductsCRUD" name="test_create_update_delete_product" time="0.697" /><testcase classname="tests.test_chaioz_phase1_iter9.TestAdminProductsCRUD" name="test_create_product_validation" time="0.044" /><testcase classname="tests.test_chaioz_phase1_iter9.TestOrderNoteToSquare" name="test_note_propagates_to_square_order" time="2.299" /><testcase classname="tests.test_chaioz_phase1_iter9.TestResendLive" name="test_resend_live_allowed_recipient_logs_success" time="1.049" /><testcase classname="tests.test_chaioz_phase1_iter9.TestResendLive" name="test_resend_negative_blocked_recipient_logs_failure_but_api_ok" time="1.051" /></testsuite></testsuites>