<?xml version="1.0" encoding="utf-8"?><testsuites name="pytest tests"><testsuite name="pytest" errors="0" failures="2" skipped="0" tests="17" time="5.929" timestamp="2026-04-23T09:48:45.475794+00:00" hostname="agent-env-20f16442-46b5-4575-80a9-7681c1cab858"><testcase classname="backend.tests.test_chaioz_phase1_iter6.TestSquarePOSSync" name="test_asap_pickup_order_syncs_to_square" time="0.245"><failure message="AssertionError: Internal Server Error&#10;assert 500 == 200&#10; +  where 500 = &lt;Response [500]&gt;.status_code">backend/tests/test_chaioz_phase1_iter6.py:112: in test_asap_pickup_order_syncs_to_square
    assert r.status_code == 200, r.text
E   AssertionError: Internal Server Error
E   assert 500 == 200
E    +  where 500 = &lt;Response [500]&gt;.status_code</failure></testcase><testcase classname="backend.tests.test_chaioz_phase1_iter6.TestSquarePOSSync" name="test_delivery_order_syncs_to_square" time="0.055"><failure message="AssertionError: Internal Server Error&#10;assert 500 == 200&#10; +  where 500 = &lt;Response [500]&gt;.status_code">backend/tests/test_chaioz_phase1_iter6.py:142: in test_delivery_order_syncs_to_square
    assert r.status_code == 200, r.text
E   AssertionError: Internal Server Error
E   assert 500 == 200
E    +  where 500 = &lt;Response [500]&gt;.status_code</failure></testcase><testcase classname="backend.tests.test_chaioz_phase1_iter6.TestSquarePOSSync" name="test_valid_iso_pickup_time_syncs_to_square" time="1.767" /><testcase classname="backend.tests.test_chaioz_phase1_iter6.TestAuthMeAnonymous" name="test_anonymous_returns_200_null" time="0.123" /><testcase classname="backend.tests.test_chaioz_phase1_iter6.TestAuthMeAnonymous" name="test_cookie_session_returns_user" time="0.395" /><testcase classname="backend.tests.test_chaioz_phase1_iter6.TestAuthToken" name="test_token_valid_creds" time="0.273" /><testcase classname="backend.tests.test_chaioz_phase1_iter6.TestAuthToken" name="test_token_invalid_creds" time="0.267" /><testcase classname="backend.tests.test_chaioz_phase1_iter6.TestAuthToken" name="test_bearer_auth_on_me_orders_reorder" time="0.912" /><testcase classname="backend.tests.test_chaioz_phase1_iter6.TestAdminStatsDST" name="test_stats_has_morning_evening_and_sum_matches_month" time="0.051" /><testcase classname="backend.tests.test_chaioz_phase1_iter6.TestMenuItemTagsOverride" name="test_admin_created_item_uses_stored_tags" time="0.156" /><testcase classname="backend.tests.test_chaioz_phase1_iter6.TestMenuItemTagsOverride" name="test_fallback_derived_tags_still_work" time="0.054" /><testcase classname="backend.tests.test_chaioz_phase1_iter6.TestCombosFromDB" name="test_public_combos_has_three_with_savings" time="0.052" /><testcase classname="backend.tests.test_chaioz_phase1_iter6.TestCombosFromDB" name="test_admin_combo_crud" time="0.244" /><testcase classname="backend.tests.test_chaioz_phase1_iter6.TestCombosFromDB" name="test_combo_with_nonexistent_item_is_skipped" time="0.145" /><testcase classname="backend.tests.test_chaioz_phase1_iter6.TestReorderTryExcept" name="test_reorder_legacy_missing_subtotal" time="0.408" /><testcase classname="backend.tests.test_chaioz_phase1_iter6.TestReorderTryExcept" name="test_reorder_not_found_returns_404" time="0.059" /><testcase classname="backend.tests.test_chaioz_phase1_iter6.TestUsualNormalisation" name="test_multi_suffix_patterns_all_normalise" time="0.598" /></testsuite></testsuites>