<?xml version="1.0" encoding="utf-8"?><testsuites name="pytest tests"><testsuite name="pytest" errors="0" failures="0" skipped="0" tests="10" time="10.902" timestamp="2026-04-23T10:26:15.719386+00:00" hostname="agent-env-20f16442-46b5-4575-80a9-7681c1cab858"><testcase classname="backend.tests.test_chaioz_phase1_iter8.TestWebhookHealth" name="test_health_returns_expected_shape" time="0.120" /><testcase classname="backend.tests.test_chaioz_phase1_iter8.TestWebhookStateMapping" name="test_order_updated_prepared_maps_to_ready_and_sends_sms" time="2.576" /><testcase classname="backend.tests.test_chaioz_phase1_iter8.TestWebhookStateMapping" name="test_order_updated_completed_maps_to_completed" time="0.697" /><testcase classname="backend.tests.test_chaioz_phase1_iter8.TestWebhookStateMapping" name="test_webhook_unknown_square_order_id_returns_matched_false" time="0.047" /><testcase classname="backend.tests.test_chaioz_phase1_iter8.TestWebhookStateMapping" name="test_payment_updated_persists_square_payment_status" time="0.693" /><testcase classname="backend.tests.test_chaioz_phase1_iter8.TestWebhookSignature" name="test_valid_signature_returns_200" time="2.732" /><testcase classname="backend.tests.test_chaioz_phase1_iter8.TestWebhookSignature" name="test_invalid_signature_returns_401" time="0.114" /><testcase classname="backend.tests.test_chaioz_phase1_iter8.TestWebhookSignature" name="test_missing_signature_header_returns_401" time="2.941" /><testcase classname="backend.tests.test_chaioz_phase1_iter8.TestAdminCombosCRUD" name="test_admin_combos_listing_includes_inactive" time="0.584" /><testcase classname="backend.tests.test_chaioz_phase1_iter8.TestAdminCombosCRUD" name="test_admin_combo_full_crud_and_save_calc" time="0.333" /></testsuite></testsuites>