<?xml version="1.0" encoding="utf-8"?><testsuites name="pytest tests"><testsuite name="pytest" errors="0" failures="0" skipped="0" tests="54" time="10.964" timestamp="2026-04-23T09:09:03.299064+00:00" hostname="agent-env-20f16442-46b5-4575-80a9-7681c1cab858"><testcase classname="backend.tests.test_chaioz_api" name="test_health" time="0.149" /><testcase classname="backend.tests.test_chaioz_api.TestAuth" name="test_register_sets_cookie_and_defaults" time="0.337" /><testcase classname="backend.tests.test_chaioz_api.TestAuth" name="test_register_duplicate_email" time="0.422" /><testcase classname="backend.tests.test_chaioz_api.TestAuth" name="test_admin_login_returns_admin_role" time="0.378" /><testcase classname="backend.tests.test_chaioz_api.TestAuth" name="test_me_unauth" time="0.099" /><testcase classname="backend.tests.test_chaioz_api.TestAuth" name="test_login_invalid_credentials" time="0.338" /><testcase classname="backend.tests.test_chaioz_api.TestAuth" name="test_logout_clears_cookie" time="0.469" /><testcase classname="backend.tests.test_chaioz_api.TestMenu" name="test_categories" time="0.103" /><testcase classname="backend.tests.test_chaioz_api.TestMenu" name="test_items_count_and_filter" time="0.214" /><testcase classname="backend.tests.test_chaioz_api.TestMenu" name="test_bestsellers" time="0.207" /><testcase classname="backend.tests.test_chaioz_api.TestProducts" name="test_list_products" time="0.109" /><testcase classname="backend.tests.test_chaioz_api.TestOrders" name="test_create_order_guest_square_mock_paid" time="0.214" /><testcase classname="backend.tests.test_chaioz_api.TestOrders" name="test_create_order_empty_400" time="0.109" /><testcase classname="backend.tests.test_chaioz_api.TestOrders" name="test_order_awards_loyalty_points" time="0.267" /><testcase classname="backend.tests.test_chaioz_api.TestOrders" name="test_orders_me_requires_auth" time="0.112" /><testcase classname="backend.tests.test_chaioz_api.TestOrders" name="test_orders_me_returns_user_orders" time="0.045" /><testcase classname="backend.tests.test_chaioz_api.TestAdmin" name="test_stats_non_admin_forbidden" time="0.051" /><testcase classname="backend.tests.test_chaioz_api.TestAdmin" name="test_stats_admin" time="0.048" /><testcase classname="backend.tests.test_chaioz_api.TestAdmin" name="test_admin_update_order_status" time="0.308" /><testcase classname="backend.tests.test_chaioz_api.TestAdmin" name="test_admin_update_menu_toggle" time="0.324" /><testcase classname="backend.tests.test_chaioz_phase1_iter2.TestUploads" name="test_upload_requires_admin" time="0.114" /><testcase classname="backend.tests.test_chaioz_phase1_iter2.TestUploads" name="test_upload_non_admin_forbidden" time="0.374" /><testcase classname="backend.tests.test_chaioz_phase1_iter2.TestUploads" name="test_upload_admin_success_and_public_fetch" time="0.895" /><testcase classname="backend.tests.test_chaioz_phase1_iter2.TestUploads" name="test_upload_bad_ext_rejected" time="0.046" /><testcase classname="backend.tests.test_chaioz_phase1_iter2.TestAdminMenuCRUD" name="test_create_menu_item" time="0.205" /><testcase classname="backend.tests.test_chaioz_phase1_iter2.TestAdminMenuCRUD" name="test_update_menu_item" time="0.174" /><testcase classname="backend.tests.test_chaioz_phase1_iter2.TestAdminMenuCRUD" name="test_delete_menu_item" time="0.219" /><testcase classname="backend.tests.test_chaioz_phase1_iter2.TestAdminMenuCRUD" name="test_create_requires_fields" time="0.045" /><testcase classname="backend.tests.test_chaioz_phase1_iter2.TestAdminMenuCRUD" name="test_create_non_admin_forbidden" time="0.047" /><testcase classname="backend.tests.test_chaioz_phase1_iter2.TestBestsellerImages" name="test_bestsellers_have_distinct_images" time="0.101" /><testcase classname="backend.tests.test_chaioz_phase1_iter2.TestCartRecovery" name="test_snapshot_empty" time="0.098" /><testcase classname="backend.tests.test_chaioz_phase1_iter2.TestCartRecovery" name="test_snapshot_no_contact" time="0.104" /><testcase classname="backend.tests.test_chaioz_phase1_iter2.TestCartRecovery" name="test_snapshot_with_email_ok" time="0.095" /><testcase classname="backend.tests.test_chaioz_phase1_iter2.TestCartRecovery" name="test_snapshot_with_phone_ok" time="0.100" /><testcase classname="backend.tests.test_chaioz_phase1_iter2.TestCartRecovery" name="test_scan_returns_count" time="0.107" /><testcase classname="backend.tests.test_chaioz_phase1_iter2.TestDeliveryQuote" name="test_quote_mock_response" time="0.105" /><testcase classname="backend.tests.test_chaioz_phase1_iter2.TestDeliveryOrder" name="test_delivery_order_creates_with_mock_tracking" time="0.314" /><testcase classname="backend.tests.test_chaioz_phase1_iter2.TestPickupRegression" name="test_pickup_order_still_works" time="0.212" /><testcase classname="backend.tests.test_chaioz_phase1_iter2.TestOrderReadyNotification" name="test_ready_status_triggers_dev_sms" time="0.303" /><testcase classname="backend.tests.test_chaioz_phase1_iter2.TestAuthRegression" name="test_me_admin" time="0.046" /><testcase classname="backend.tests.test_chaioz_phase1_iter2.TestAuthRegression" name="test_stats_admin_ok" time="0.048" /><testcase classname="backend.tests.test_chaioz_phase1_iter5.TestCombos" name="test_combos_shape_and_savings" time="0.119" /><testcase classname="backend.tests.test_chaioz_phase1_iter5.TestMenuTags" name="test_items_have_tags_array" time="0.055" /><testcase classname="backend.tests.test_chaioz_phase1_iter5.TestMenuTags" name="test_bun_maska_tags" time="0.055" /><testcase classname="backend.tests.test_chaioz_phase1_iter5.TestMenuTags" name="test_filter_quick_breakfast" time="0.052" /><testcase classname="backend.tests.test_chaioz_phase1_iter5.TestMenuTags" name="test_filter_under_10" time="0.054" /><testcase classname="backend.tests.test_chaioz_phase1_iter5.TestUsualAndReorder" name="test_usual_after_order" time="0.606" /><testcase classname="backend.tests.test_chaioz_phase1_iter5.TestUsualAndReorder" name="test_reorder_clones_order" time="0.052" /><testcase classname="backend.tests.test_chaioz_phase1_iter5.TestUsualAndReorder" name="test_reorder_requires_auth" time="0.060" /><testcase classname="backend.tests.test_chaioz_phase1_iter5.TestUsualAndReorder" name="test_reorder_404_on_other_user_order" time="0.052" /><testcase classname="backend.tests.test_chaioz_phase1_iter5.TestAdminStats" name="test_stats_has_morning_evening_hourly" time="0.382" /><testcase classname="backend.tests.test_chaioz_phase1_iter5.TestSquareSync" name="test_square_order_id_appears" time="1.157" /><testcase classname="backend.tests.test_chaioz_phase1_iter5.TestRegressionSmoke" name="test_auth_me_and_logout" time="0.097" /><testcase classname="backend.tests.test_chaioz_phase1_iter5.TestRegressionSmoke" name="test_instagram_feed" time="0.054" /></testsuite></testsuites>