<?xml version="1.0" encoding="utf-8"?><testsuites name="pytest tests"><testsuite name="pytest" errors="0" failures="0" skipped="0" tests="8" time="5.396" timestamp="2026-04-26T07:41:39.116010+00:00" hostname="agent-env-20f16442-46b5-4575-80a9-7681c1cab858"><testcase classname="tests.test_chaioz_phase1_iter12" name="test_preferences_requires_auth" time="0.330" /><testcase classname="tests.test_chaioz_phase1_iter12" name="test_preferences_rejects_empty_payload" time="0.776" /><testcase classname="tests.test_chaioz_phase1_iter12" name="test_preferences_persists_opt_in_toggle" time="1.154" /><testcase classname="tests.test_chaioz_phase1_iter12" name="test_broadcast_audience_opted_in" time="0.434" /><testcase classname="tests.test_chaioz_phase1_iter12" name="test_broadcast_audience_all" time="0.961" /><testcase classname="tests.test_chaioz_phase1_iter12" name="test_broadcast_rejects_invalid_audience" time="0.426" /><testcase classname="tests.test_chaioz_phase1_iter12" name="test_userpublic_shape_includes_phone_and_optin" time="0.751" /><testcase classname="tests.test_chaioz_phase1_iter12" name="test_loyalty_program_shape_for_rewards_page" time="0.500" /></testsuite></testsuites>