<?xml version="1.0" encoding="utf-8"?><testsuites name="pytest tests"><testsuite name="pytest" errors="0" failures="0" skipped="0" tests="8" time="4.616" timestamp="2026-04-30T09:52:03.176925+00:00" hostname="agent-env-20f16442-46b5-4575-80a9-7681c1cab858"><testcase classname="backend.tests.test_chaioz_iter14" name="test_new_admin_login_works" time="0.469" /><testcase classname="backend.tests.test_chaioz_iter14" name="test_old_admin_email_removed" time="0.108" /><testcase classname="backend.tests.test_chaioz_iter14" name="test_settings_endpoint_returns_banner" time="0.112" /><testcase classname="backend.tests.test_chaioz_iter14" name="test_otp_signup_full_happy_path" time="1.817" /><testcase classname="backend.tests.test_chaioz_iter14" name="test_otp_signup_blocks_duplicate_email" time="0.098" /><testcase classname="backend.tests.test_chaioz_iter14" name="test_otp_signup_phone_channel_requires_phone" time="0.108" /><testcase classname="backend.tests.test_chaioz_iter14" name="test_otp_resend_works" time="1.741" /><testcase classname="backend.tests.test_chaioz_iter14" name="test_otp_signup_invalid_password_rejected" time="0.102" /></testsuite></testsuites>