<?xml version="1.0" encoding="utf-8"?><testsuites name="pytest tests"><testsuite name="pytest" errors="0" failures="0" skipped="0" tests="13" time="3.017" timestamp="2026-04-23T09:08:25.504238+00:00" hostname="agent-env-20f16442-46b5-4575-80a9-7681c1cab858"><testcase classname="backend.tests.test_chaioz_phase1_iter5.TestCombos" name="test_combos_shape_and_savings" time="0.163" /><testcase classname="backend.tests.test_chaioz_phase1_iter5.TestMenuTags" name="test_items_have_tags_array" time="0.057" /><testcase classname="backend.tests.test_chaioz_phase1_iter5.TestMenuTags" name="test_bun_maska_tags" time="0.053" /><testcase classname="backend.tests.test_chaioz_phase1_iter5.TestMenuTags" name="test_filter_quick_breakfast" time="0.047" /><testcase classname="backend.tests.test_chaioz_phase1_iter5.TestMenuTags" name="test_filter_under_10" time="0.056" /><testcase classname="backend.tests.test_chaioz_phase1_iter5.TestUsualAndReorder" name="test_usual_after_order" time="0.673" /><testcase classname="backend.tests.test_chaioz_phase1_iter5.TestUsualAndReorder" name="test_reorder_clones_order" time="0.058" /><testcase classname="backend.tests.test_chaioz_phase1_iter5.TestUsualAndReorder" name="test_reorder_requires_auth" time="0.067" /><testcase classname="backend.tests.test_chaioz_phase1_iter5.TestUsualAndReorder" name="test_reorder_404_on_other_user_order" time="0.046" /><testcase classname="backend.tests.test_chaioz_phase1_iter5.TestAdminStats" name="test_stats_has_morning_evening_hourly" time="0.428" /><testcase classname="backend.tests.test_chaioz_phase1_iter5.TestSquareSync" name="test_square_order_id_appears" time="1.144" /><testcase classname="backend.tests.test_chaioz_phase1_iter5.TestRegressionSmoke" name="test_auth_me_and_logout" time="0.087" /><testcase classname="backend.tests.test_chaioz_phase1_iter5.TestRegressionSmoke" name="test_instagram_feed" time="0.048" /></testsuite></testsuites>