<?xml version="1.0" encoding="utf-8"?><testsuites name="pytest tests"><testsuite name="pytest" errors="0" failures="0" skipped="2" tests="145" time="69.931" timestamp="2026-04-30T09:58:49.379748+00:00" hostname="agent-env-20f16442-46b5-4575-80a9-7681c1cab858"><testcase classname="backend.tests.test_chaioz_api" name="test_health" time="0.154" /><testcase classname="backend.tests.test_chaioz_api.TestAuth" name="test_register_sets_cookie_and_defaults" time="0.330" /><testcase classname="backend.tests.test_chaioz_api.TestAuth" name="test_register_duplicate_email" time="0.439" /><testcase classname="backend.tests.test_chaioz_api.TestAuth" name="test_admin_login_returns_admin_role" time="0.376" /><testcase classname="backend.tests.test_chaioz_api.TestAuth" name="test_me_unauth" time="0.103" /><testcase classname="backend.tests.test_chaioz_api.TestAuth" name="test_login_invalid_credentials" time="0.327" /><testcase classname="backend.tests.test_chaioz_api.TestAuth" name="test_logout_clears_cookie" time="0.471" /><testcase classname="backend.tests.test_chaioz_api.TestMenu" name="test_categories" time="0.107" /><testcase classname="backend.tests.test_chaioz_api.TestMenu" name="test_items_count_and_filter" time="0.234" /><testcase classname="backend.tests.test_chaioz_api.TestMenu" name="test_bestsellers" time="0.203" /><testcase classname="backend.tests.test_chaioz_api.TestProducts" name="test_list_products" time="0.109" /><testcase classname="backend.tests.test_chaioz_api.TestOrders" name="test_create_order_guest_square_mock_paid" time="0.217" /><testcase classname="backend.tests.test_chaioz_api.TestOrders" name="test_create_order_empty_400" time="0.101" /><testcase classname="backend.tests.test_chaioz_api.TestOrders" name="test_order_awards_loyalty_points" time="0.264" /><testcase classname="backend.tests.test_chaioz_api.TestOrders" name="test_orders_me_requires_auth" time="0.100" /><testcase classname="backend.tests.test_chaioz_api.TestOrders" name="test_orders_me_returns_user_orders" time="0.048" /><testcase classname="backend.tests.test_chaioz_api.TestAdmin" name="test_stats_non_admin_forbidden" time="0.045" /><testcase classname="backend.tests.test_chaioz_api.TestAdmin" name="test_stats_admin" time="0.077" /><testcase classname="backend.tests.test_chaioz_api.TestAdmin" name="test_admin_update_order_status" time="0.383" /><testcase classname="backend.tests.test_chaioz_api.TestAdmin" name="test_admin_update_menu_toggle" time="0.335" /><testcase classname="backend.tests.test_chaioz_iter14" name="test_new_admin_login_works" time="0.334" /><testcase classname="backend.tests.test_chaioz_iter14" name="test_old_admin_email_removed" time="0.107" /><testcase classname="backend.tests.test_chaioz_iter14" name="test_settings_endpoint_returns_banner" time="0.103" /><testcase classname="backend.tests.test_chaioz_iter14" name="test_otp_signup_full_happy_path" time="1.832" /><testcase classname="backend.tests.test_chaioz_iter14" name="test_otp_signup_blocks_duplicate_email" time="0.099" /><testcase classname="backend.tests.test_chaioz_iter14" name="test_otp_signup_phone_channel_requires_phone" time="0.094" /><testcase classname="backend.tests.test_chaioz_iter14" name="test_otp_resend_works" time="1.749" /><testcase classname="backend.tests.test_chaioz_iter14" name="test_otp_signup_invalid_password_rejected" time="0.112" /><testcase classname="backend.tests.test_chaioz_iter14_extras" name="test_otp_wrong_code_5x_rejects_then_locks" time="2.642" /><testcase classname="backend.tests.test_chaioz_iter14_extras" name="test_otp_phone_channel_happy_with_phone" time="0.573" /><testcase classname="backend.tests.test_chaioz_iter14_extras" name="test_pickup_order_regression" time="0.225" /><testcase classname="backend.tests.test_chaioz_phase1_iter10" name="test_register_rejects_short_password" time="0.107" /><testcase classname="backend.tests.test_chaioz_phase1_iter10" name="test_register_rejects_password_without_digit" time="0.115" /><testcase classname="backend.tests.test_chaioz_phase1_iter10" name="test_register_rejects_password_without_letter" time="0.106" /><testcase classname="backend.tests.test_chaioz_phase1_iter10" name="test_register_rejects_short_name" time="0.106" /><testcase classname="backend.tests.test_chaioz_phase1_iter10" name="test_register_rejects_disposable_email" time="0.105" /><testcase classname="backend.tests.test_chaioz_phase1_iter10" name="test_register_rejects_invalid_phone" time="0.103" /><testcase classname="backend.tests.test_chaioz_phase1_iter10" name="test_register_accepts_good_payload" time="0.333" /><testcase classname="backend.tests.test_chaioz_phase1_iter10" name="test_loyalty_program_graceful_when_not_setup" time="0.380" /><testcase classname="backend.tests.test_chaioz_phase1_iter10" name="test_loyalty_me_requires_auth" time="0.113" /><testcase classname="backend.tests.test_chaioz_phase1_iter10" name="test_loyalty_me_after_login_has_safe_shape" time="1.095" /><testcase classname="backend.tests.test_chaioz_phase1_iter10" name="test_admin_sync_square_menu" time="0.699" /><testcase classname="backend.tests.test_chaioz_phase1_iter10" name="test_admin_sync_square_menu_requires_auth" time="0.119" /><testcase classname="backend.tests.test_chaioz_phase1_iter10" name="test_webhook_catalog_version_updated_triggers_resync" time="0.101" /><testcase classname="backend.tests.test_chaioz_phase1_iter10" name="test_webhook_inventory_count_updated_triggers_resync" time="0.110" /><testcase classname="backend.tests.test_chaioz_phase1_iter11" name="test_register_rejects_bad_token" time="0.109" /><testcase classname="backend.tests.test_chaioz_phase1_iter11" name="test_register_anon_valid_token" time="0.103" /><testcase classname="backend.tests.test_chaioz_phase1_iter11" name="test_register_user_token_promotes_from_anon" time="0.920" /><testcase classname="backend.tests.test_chaioz_phase1_iter11" name="test_unregister_requires_auth" time="0.101" /><testcase classname="backend.tests.test_chaioz_phase1_iter11" name="test_unregister_removes_token" time="0.885" /><testcase classname="backend.tests.test_chaioz_phase1_iter11" name="test_aasa_endpoint" time="0.095"><skipped type="pytest.skip" message="preview routes /.well-known to frontend (content-type=text/html; charset=utf-8); will re-test on deployed URL">/app/backend/tests/test_chaioz_phase1_iter11.py:126: preview routes /.well-known to frontend (content-type=text/html; charset=utf-8); will re-test on deployed URL</skipped></testcase><testcase classname="backend.tests.test_chaioz_phase1_iter11" name="test_assetlinks_endpoint" time="0.102"><skipped type="pytest.skip" message="preview routes /.well-known to frontend (content-type=text/html; charset=utf-8); will re-test on deployed URL">/app/backend/tests/test_chaioz_phase1_iter11.py:140: preview routes /.well-known to frontend (content-type=text/html; charset=utf-8); will re-test on deployed URL</skipped></testcase><testcase classname="backend.tests.test_chaioz_phase1_iter11" name="test_aasa_backend_direct_serves_json" time="0.002" /><testcase classname="backend.tests.test_chaioz_phase1_iter11" name="test_assetlinks_backend_direct_serves_json" time="0.002" /><testcase classname="backend.tests.test_chaioz_phase1_iter11" name="test_broadcast_requires_auth" time="0.102" /><testcase classname="backend.tests.test_chaioz_phase1_iter11" name="test_broadcast_rejects_missing_fields" time="0.553" /><testcase classname="backend.tests.test_chaioz_phase1_iter11" name="test_broadcast_rejects_over_length" time="0.440" /><testcase classname="backend.tests.test_chaioz_phase1_iter11" name="test_broadcast_accepts_valid" time="0.511" /><testcase classname="backend.tests.test_chaioz_phase1_iter12" name="test_preferences_requires_auth" time="0.103" /><testcase classname="backend.tests.test_chaioz_phase1_iter12" name="test_preferences_rejects_empty_payload" time="0.774" /><testcase classname="backend.tests.test_chaioz_phase1_iter12" name="test_preferences_persists_opt_in_toggle" time="1.116" /><testcase classname="backend.tests.test_chaioz_phase1_iter12" name="test_broadcast_audience_opted_in" time="0.431" /><testcase classname="backend.tests.test_chaioz_phase1_iter12" name="test_broadcast_audience_all" time="0.482" /><testcase classname="backend.tests.test_chaioz_phase1_iter12" name="test_broadcast_rejects_invalid_audience" time="0.454" /><testcase classname="backend.tests.test_chaioz_phase1_iter12" name="test_userpublic_shape_includes_phone_and_optin" time="0.762" /><testcase classname="backend.tests.test_chaioz_phase1_iter12" name="test_loyalty_program_shape_for_rewards_page" time="0.432" /><testcase classname="backend.tests.test_chaioz_phase1_iter13" name="test_public_settings_default_shape" time="0.112" /><testcase classname="backend.tests.test_chaioz_phase1_iter13" name="test_admin_settings_requires_auth" time="0.207" /><testcase classname="backend.tests.test_chaioz_phase1_iter13" name="test_admin_settings_update_persists" time="0.982" /><testcase classname="backend.tests.test_chaioz_phase1_iter13" name="test_admin_settings_rejects_empty" time="0.433" /><testcase classname="backend.tests.test_chaioz_phase1_iter13" name="test_delivery_blocked_when_pickup_only" time="1.126" /><testcase classname="backend.tests.test_chaioz_phase1_iter13" name="test_pickup_passes_when_pickup_only" time="1.097" /><testcase classname="backend.tests.test_chaioz_phase1_iter13" name="test_combo_create_with_image_url" time="3.618" /><testcase classname="backend.tests.test_chaioz_phase1_iter13" name="test_combo_update_image_url" time="0.723" /><testcase classname="backend.tests.test_chaioz_phase1_iter2.TestUploads" name="test_upload_requires_admin" time="0.100" /><testcase classname="backend.tests.test_chaioz_phase1_iter2.TestUploads" name="test_upload_non_admin_forbidden" time="0.388" /><testcase classname="backend.tests.test_chaioz_phase1_iter2.TestUploads" name="test_upload_admin_success_and_public_fetch" time="0.754" /><testcase classname="backend.tests.test_chaioz_phase1_iter2.TestUploads" name="test_upload_bad_ext_rejected" time="0.051" /><testcase classname="backend.tests.test_chaioz_phase1_iter2.TestAdminMenuCRUD" name="test_create_menu_item" time="0.219" /><testcase classname="backend.tests.test_chaioz_phase1_iter2.TestAdminMenuCRUD" name="test_update_menu_item" time="0.160" /><testcase classname="backend.tests.test_chaioz_phase1_iter2.TestAdminMenuCRUD" name="test_delete_menu_item" time="0.239" /><testcase classname="backend.tests.test_chaioz_phase1_iter2.TestAdminMenuCRUD" name="test_create_requires_fields" time="0.049" /><testcase classname="backend.tests.test_chaioz_phase1_iter2.TestAdminMenuCRUD" name="test_create_non_admin_forbidden" time="0.053" /><testcase classname="backend.tests.test_chaioz_phase1_iter2.TestBestsellerImages" name="test_bestsellers_have_distinct_images" time="0.104" /><testcase classname="backend.tests.test_chaioz_phase1_iter2.TestCartRecovery" name="test_snapshot_empty" time="0.108" /><testcase classname="backend.tests.test_chaioz_phase1_iter2.TestCartRecovery" name="test_snapshot_no_contact" time="0.105" /><testcase classname="backend.tests.test_chaioz_phase1_iter2.TestCartRecovery" name="test_snapshot_with_email_ok" time="0.110" /><testcase classname="backend.tests.test_chaioz_phase1_iter2.TestCartRecovery" name="test_snapshot_with_phone_ok" time="0.103" /><testcase classname="backend.tests.test_chaioz_phase1_iter2.TestCartRecovery" name="test_scan_returns_count" time="0.106" /><testcase classname="backend.tests.test_chaioz_phase1_iter2.TestDeliveryQuote" name="test_quote_mock_response" time="0.106" /><testcase classname="backend.tests.test_chaioz_phase1_iter2.TestDeliveryOrder" name="test_delivery_order_creates_with_mock_tracking" time="0.326" /><testcase classname="backend.tests.test_chaioz_phase1_iter2.TestPickupRegression" name="test_pickup_order_still_works" time="0.208" /><testcase classname="backend.tests.test_chaioz_phase1_iter2.TestOrderReadyNotification" name="test_ready_status_triggers_dev_sms" time="0.393" /><testcase classname="backend.tests.test_chaioz_phase1_iter2.TestAuthRegression" name="test_me_admin" time="0.049" /><testcase classname="backend.tests.test_chaioz_phase1_iter2.TestAuthRegression" name="test_stats_admin_ok" time="0.064" /><testcase classname="backend.tests.test_chaioz_phase1_iter5.TestCombos" name="test_combos_shape_and_savings" time="0.106" /><testcase classname="backend.tests.test_chaioz_phase1_iter5.TestMenuTags" name="test_items_have_tags_array" time="0.051" /><testcase classname="backend.tests.test_chaioz_phase1_iter5.TestMenuTags" name="test_bun_maska_tags" time="0.060" /><testcase classname="backend.tests.test_chaioz_phase1_iter5.TestMenuTags" name="test_filter_quick_breakfast" time="0.049" /><testcase classname="backend.tests.test_chaioz_phase1_iter5.TestMenuTags" name="test_filter_under_10" time="0.049" /><testcase classname="backend.tests.test_chaioz_phase1_iter5.TestUsualAndReorder" name="test_usual_after_order" time="0.679" /><testcase classname="backend.tests.test_chaioz_phase1_iter5.TestUsualAndReorder" name="test_reorder_clones_order" time="0.050" /><testcase classname="backend.tests.test_chaioz_phase1_iter5.TestUsualAndReorder" name="test_reorder_requires_auth" time="0.047" /><testcase classname="backend.tests.test_chaioz_phase1_iter5.TestUsualAndReorder" name="test_reorder_404_on_other_user_order" time="0.047" /><testcase classname="backend.tests.test_chaioz_phase1_iter5.TestAdminStats" name="test_stats_has_morning_evening_hourly" time="0.402" /><testcase classname="backend.tests.test_chaioz_phase1_iter5.TestSquareSync" name="test_square_order_id_appears" time="1.153" /><testcase classname="backend.tests.test_chaioz_phase1_iter5.TestRegressionSmoke" name="test_auth_me_and_logout" time="0.092" /><testcase classname="backend.tests.test_chaioz_phase1_iter5.TestRegressionSmoke" name="test_instagram_feed" time="0.046" /><testcase classname="backend.tests.test_chaioz_phase1_iter6.TestSquarePOSSync" name="test_asap_pickup_order_syncs_to_square" time="1.890" /><testcase classname="backend.tests.test_chaioz_phase1_iter6.TestSquarePOSSync" name="test_delivery_order_syncs_to_square" time="1.810" /><testcase classname="backend.tests.test_chaioz_phase1_iter6.TestSquarePOSSync" name="test_valid_iso_pickup_time_syncs_to_square" time="1.771" /><testcase classname="backend.tests.test_chaioz_phase1_iter6.TestAuthMeAnonymous" name="test_anonymous_returns_200_null" time="0.098" /><testcase classname="backend.tests.test_chaioz_phase1_iter6.TestAuthMeAnonymous" name="test_cookie_session_returns_user" time="0.363" /><testcase classname="backend.tests.test_chaioz_phase1_iter6.TestAuthToken" name="test_token_valid_creds" time="0.280" /><testcase classname="backend.tests.test_chaioz_phase1_iter6.TestAuthToken" name="test_token_invalid_creds" time="0.274" /><testcase classname="backend.tests.test_chaioz_phase1_iter6.TestAuthToken" name="test_bearer_auth_on_me_orders_reorder" time="0.962" /><testcase classname="backend.tests.test_chaioz_phase1_iter6.TestAdminStatsDST" name="test_stats_has_morning_evening_and_sum_matches_month" time="0.081" /><testcase classname="backend.tests.test_chaioz_phase1_iter6.TestMenuItemTagsOverride" name="test_admin_created_item_uses_stored_tags" time="0.153" /><testcase classname="backend.tests.test_chaioz_phase1_iter6.TestMenuItemTagsOverride" name="test_fallback_derived_tags_still_work" time="0.055" /><testcase classname="backend.tests.test_chaioz_phase1_iter6.TestCombosFromDB" name="test_public_combos_has_three_with_savings" time="0.054" /><testcase classname="backend.tests.test_chaioz_phase1_iter6.TestCombosFromDB" name="test_admin_combo_crud" time="0.242" /><testcase classname="backend.tests.test_chaioz_phase1_iter6.TestCombosFromDB" name="test_combo_with_nonexistent_item_is_skipped" time="0.142" /><testcase classname="backend.tests.test_chaioz_phase1_iter6.TestReorderTryExcept" name="test_reorder_legacy_missing_subtotal" time="0.433" /><testcase classname="backend.tests.test_chaioz_phase1_iter6.TestReorderTryExcept" name="test_reorder_not_found_returns_404" time="0.046" /><testcase classname="backend.tests.test_chaioz_phase1_iter6.TestUsualNormalisation" name="test_multi_suffix_patterns_all_normalise" time="0.628" /><testcase classname="backend.tests.test_chaioz_phase1_iter7.TestASAPOrdersRetest" name="test_asap_pickup_with_email_returns_200_and_iso_pickup_time" time="1.869" /><testcase classname="backend.tests.test_chaioz_phase1_iter7.TestASAPOrdersRetest" name="test_asap_delivery_with_email_returns_200_square_synced" time="1.769" /><testcase classname="backend.tests.test_chaioz_phase1_iter7.TestReorderLegacyMissingCustomerName" name="test_reorder_order_with_customer_name_unset_does_not_500" time="0.528" /><testcase classname="backend.tests.test_chaioz_phase1_iter7.TestCombosPartialResolution" name="test_partial_combo_is_skipped" time="0.496" /><testcase classname="backend.tests.test_chaioz_phase1_iter8.TestWebhookHealth" name="test_health_returns_expected_shape" time="0.117" /><testcase classname="backend.tests.test_chaioz_phase1_iter8.TestWebhookStateMapping" name="test_order_updated_prepared_maps_to_ready_and_sends_sms" time="2.545" /><testcase classname="backend.tests.test_chaioz_phase1_iter8.TestWebhookStateMapping" name="test_order_updated_completed_maps_to_completed" time="0.710" /><testcase classname="backend.tests.test_chaioz_phase1_iter8.TestWebhookStateMapping" name="test_webhook_unknown_square_order_id_returns_matched_false" time="0.045" /><testcase classname="backend.tests.test_chaioz_phase1_iter8.TestWebhookStateMapping" name="test_payment_updated_persists_square_payment_status" time="0.692" /><testcase classname="backend.tests.test_chaioz_phase1_iter8.TestWebhookSignature" name="test_valid_signature_returns_200" time="3.121" /><testcase classname="backend.tests.test_chaioz_phase1_iter8.TestWebhookSignature" name="test_invalid_signature_returns_401" time="0.115" /><testcase classname="backend.tests.test_chaioz_phase1_iter8.TestWebhookSignature" name="test_missing_signature_header_returns_401" time="2.987" /><testcase classname="backend.tests.test_chaioz_phase1_iter8.TestAdminCombosCRUD" name="test_admin_combos_listing_includes_inactive" time="0.611" /><testcase classname="backend.tests.test_chaioz_phase1_iter8.TestAdminCombosCRUD" name="test_admin_combo_full_crud_and_save_calc" time="0.352" /><testcase classname="backend.tests.test_chaioz_phase1_iter9.TestAdminProductsCRUD" name="test_products_auth_required" time="0.118" /><testcase classname="backend.tests.test_chaioz_phase1_iter9.TestAdminProductsCRUD" name="test_create_update_delete_product" time="0.651" /><testcase classname="backend.tests.test_chaioz_phase1_iter9.TestAdminProductsCRUD" name="test_create_product_validation" time="0.046" /><testcase classname="backend.tests.test_chaioz_phase1_iter9.TestOrderNoteToSquare" name="test_note_propagates_to_square_order" time="2.322" /><testcase classname="backend.tests.test_chaioz_phase1_iter9.TestResendLive" name="test_resend_live_allowed_recipient_logs_success" time="1.056" /><testcase classname="backend.tests.test_chaioz_phase1_iter9.TestResendLive" name="test_resend_negative_blocked_recipient_logs_failure_but_api_ok" time="1.055" /></testsuite></testsuites>