<?xml version="1.0" encoding="utf-8"?><testsuites name="pytest tests"><testsuite name="pytest" errors="0" failures="0" skipped="0" tests="11" time="7.846" timestamp="2026-04-30T09:53:41.044295+00:00" hostname="agent-env-20f16442-46b5-4575-80a9-7681c1cab858"><testcase classname="backend.tests.test_chaioz_iter14" name="test_new_admin_login_works" time="0.441" /><testcase classname="backend.tests.test_chaioz_iter14" name="test_old_admin_email_removed" time="0.104" /><testcase classname="backend.tests.test_chaioz_iter14" name="test_settings_endpoint_returns_banner" time="0.106" /><testcase classname="backend.tests.test_chaioz_iter14" name="test_otp_signup_full_happy_path" time="1.750" /><testcase classname="backend.tests.test_chaioz_iter14" name="test_otp_signup_blocks_duplicate_email" time="0.116" /><testcase classname="backend.tests.test_chaioz_iter14" name="test_otp_signup_phone_channel_requires_phone" time="0.103" /><testcase classname="backend.tests.test_chaioz_iter14" name="test_otp_resend_works" time="1.803" /><testcase classname="backend.tests.test_chaioz_iter14" name="test_otp_signup_invalid_password_rejected" time="0.111" /><testcase classname="backend.tests.test_chaioz_iter14_extras" name="test_otp_wrong_code_5x_rejects_then_locks" time="2.484" /><testcase classname="backend.tests.test_chaioz_iter14_extras" name="test_otp_phone_channel_happy_with_phone" time="0.551" /><testcase classname="backend.tests.test_chaioz_iter14_extras" name="test_pickup_order_regression" time="0.211" /></testsuite></testsuites>