<?xml version="1.0" encoding="utf-8"?><testsuites name="pytest tests"><testsuite name="pytest" errors="0" failures="0" skipped="0" tests="11" time="3.898" timestamp="2026-04-26T06:47:37.992074+00:00" hostname="agent-env-20f16442-46b5-4575-80a9-7681c1cab858"><testcase classname="tests.test_chaioz_phase1_iter11" name="test_register_rejects_bad_token" time="0.120" /><testcase classname="tests.test_chaioz_phase1_iter11" name="test_register_anon_valid_token" time="0.119" /><testcase classname="tests.test_chaioz_phase1_iter11" name="test_register_user_token_promotes_from_anon" time="0.866" /><testcase classname="tests.test_chaioz_phase1_iter11" name="test_unregister_requires_auth" time="0.111" /><testcase classname="tests.test_chaioz_phase1_iter11" name="test_unregister_removes_token" time="0.866" /><testcase classname="tests.test_chaioz_phase1_iter11" name="test_aasa_endpoint" time="0.097" /><testcase classname="tests.test_chaioz_phase1_iter11" name="test_assetlinks_endpoint" time="0.112" /><testcase classname="tests.test_chaioz_phase1_iter11" name="test_broadcast_requires_auth" time="0.102" /><testcase classname="tests.test_chaioz_phase1_iter11" name="test_broadcast_rejects_missing_fields" time="0.525" /><testcase classname="tests.test_chaioz_phase1_iter11" name="test_broadcast_rejects_over_length" time="0.427" /><testcase classname="tests.test_chaioz_phase1_iter11" name="test_broadcast_accepts_valid" time="0.490" /></testsuite></testsuites>