<?xml version="1.0" encoding="utf-8"?><testsuites name="pytest tests"><testsuite name="pytest" errors="0" failures="1" skipped="0" tests="4" time="4.041" timestamp="2026-04-23T09:57:40.524534+00:00" hostname="agent-env-20f16442-46b5-4575-80a9-7681c1cab858"><testcase classname="backend.tests.test_chaioz_phase1_iter7.TestASAPOrdersRetest" name="test_asap_pickup_with_email_returns_200_and_iso_pickup_time" time="2.046" /><testcase classname="backend.tests.test_chaioz_phase1_iter7.TestASAPOrdersRetest" name="test_asap_delivery_with_email_returns_200_square_synced" time="0.956" /><testcase classname="backend.tests.test_chaioz_phase1_iter7.TestReorderLegacyMissingCustomerName" name="test_reorder_order_with_customer_name_unset_does_not_500" time="0.543" /><testcase classname="backend.tests.test_chaioz_phase1_iter7.TestCombosPartialResolution" name="test_partial_combo_is_skipped" time="0.406"><failure message="AssertionError: {&quot;detail&quot;:&quot;name, items, bundle_price required&quot;}&#10;assert 400 in (200, 201)&#10; +  where 400 = &lt;Response [400]&gt;.status_code">backend/tests/test_chaioz_phase1_iter7.py:234: in test_partial_combo_is_skipped
    assert created.status_code in (200, 201), created.text
E   AssertionError: {"detail":"name, items, bundle_price required"}
E   assert 400 in (200, 201)
E    +  where 400 = &lt;Response [400]&gt;.status_code</failure></testcase></testsuite></testsuites>