<?xml version="1.0" encoding="utf-8"?><testsuites name="pytest tests"><testsuite name="pytest" errors="0" failures="0" skipped="0" tests="14" time="3.817" timestamp="2026-04-26T05:37:24.713530+00:00" hostname="agent-env-20f16442-46b5-4575-80a9-7681c1cab858"><testcase classname="backend.tests.test_chaioz_phase1_iter10" name="test_register_rejects_short_password" time="0.125" /><testcase classname="backend.tests.test_chaioz_phase1_iter10" name="test_register_rejects_password_without_digit" time="0.102" /><testcase classname="backend.tests.test_chaioz_phase1_iter10" name="test_register_rejects_password_without_letter" time="0.115" /><testcase classname="backend.tests.test_chaioz_phase1_iter10" name="test_register_rejects_short_name" time="0.094" /><testcase classname="backend.tests.test_chaioz_phase1_iter10" name="test_register_rejects_disposable_email" time="0.114" /><testcase classname="backend.tests.test_chaioz_phase1_iter10" name="test_register_rejects_invalid_phone" time="0.101" /><testcase classname="backend.tests.test_chaioz_phase1_iter10" name="test_register_accepts_good_payload" time="0.325" /><testcase classname="backend.tests.test_chaioz_phase1_iter10" name="test_loyalty_program_graceful_when_not_setup" time="0.444" /><testcase classname="backend.tests.test_chaioz_phase1_iter10" name="test_loyalty_me_requires_auth" time="0.105" /><testcase classname="backend.tests.test_chaioz_phase1_iter10" name="test_loyalty_me_after_login_has_safe_shape" time="1.207" /><testcase classname="backend.tests.test_chaioz_phase1_iter10" name="test_admin_sync_square_menu" time="0.711" /><testcase classname="backend.tests.test_chaioz_phase1_iter10" name="test_admin_sync_square_menu_requires_auth" time="0.103" /><testcase classname="backend.tests.test_chaioz_phase1_iter10" name="test_webhook_catalog_version_updated_triggers_resync" time="0.099" /><testcase classname="backend.tests.test_chaioz_phase1_iter10" name="test_webhook_inventory_count_updated_triggers_resync" time="0.107" /></testsuite></testsuites>