<?xml version="1.0" encoding="utf-8"?><testsuites name="pytest tests"><testsuite name="pytest" errors="0" failures="0" skipped="0" tests="6" time="5.568" timestamp="2026-04-23T11:10:30.950597+00:00" hostname="agent-env-20f16442-46b5-4575-80a9-7681c1cab858"><testcase classname="backend.tests.test_chaioz_phase1_iter9.TestAdminProductsCRUD" name="test_products_auth_required" time="0.271" /><testcase classname="backend.tests.test_chaioz_phase1_iter9.TestAdminProductsCRUD" name="test_create_update_delete_product" time="0.672" /><testcase classname="backend.tests.test_chaioz_phase1_iter9.TestAdminProductsCRUD" name="test_create_product_validation" time="0.046" /><testcase classname="backend.tests.test_chaioz_phase1_iter9.TestOrderNoteToSquare" name="test_note_propagates_to_square_order" time="2.379" /><testcase classname="backend.tests.test_chaioz_phase1_iter9.TestResendLive" name="test_resend_live_allowed_recipient_logs_success" time="1.057" /><testcase classname="backend.tests.test_chaioz_phase1_iter9.TestResendLive" name="test_resend_negative_blocked_recipient_logs_failure_but_api_ok" time="1.058" /></testsuite></testsuites>