<?xml version="1.0" encoding="utf-8"?><testsuites name="pytest tests"><testsuite name="pytest" errors="0" failures="0" skipped="0" tests="20" time="4.697" timestamp="2026-04-20T12:00:57.333961+00:00" hostname="agent-env-20f16442-46b5-4575-80a9-7681c1cab858"><testcase classname="backend.tests.test_chaioz_api" name="test_health" time="0.280" /><testcase classname="backend.tests.test_chaioz_api.TestAuth" name="test_register_sets_cookie_and_defaults" time="0.345" /><testcase classname="backend.tests.test_chaioz_api.TestAuth" name="test_register_duplicate_email" time="0.434" /><testcase classname="backend.tests.test_chaioz_api.TestAuth" name="test_admin_login_returns_admin_role" time="0.406" /><testcase classname="backend.tests.test_chaioz_api.TestAuth" name="test_me_unauth" time="0.108" /><testcase classname="backend.tests.test_chaioz_api.TestAuth" name="test_login_invalid_credentials" time="0.332" /><testcase classname="backend.tests.test_chaioz_api.TestAuth" name="test_logout_clears_cookie" time="0.479" /><testcase classname="backend.tests.test_chaioz_api.TestMenu" name="test_categories" time="0.107" /><testcase classname="backend.tests.test_chaioz_api.TestMenu" name="test_items_count_and_filter" time="0.220" /><testcase classname="backend.tests.test_chaioz_api.TestMenu" name="test_bestsellers" time="0.237" /><testcase classname="backend.tests.test_chaioz_api.TestProducts" name="test_list_products" time="0.118" /><testcase classname="backend.tests.test_chaioz_api.TestOrders" name="test_create_order_guest_square_mock_paid" time="0.223" /><testcase classname="backend.tests.test_chaioz_api.TestOrders" name="test_create_order_empty_400" time="0.120" /><testcase classname="backend.tests.test_chaioz_api.TestOrders" name="test_order_awards_loyalty_points" time="0.252" /><testcase classname="backend.tests.test_chaioz_api.TestOrders" name="test_orders_me_requires_auth" time="0.104" /><testcase classname="backend.tests.test_chaioz_api.TestOrders" name="test_orders_me_returns_user_orders" time="0.047" /><testcase classname="backend.tests.test_chaioz_api.TestAdmin" name="test_stats_non_admin_forbidden" time="0.047" /><testcase classname="backend.tests.test_chaioz_api.TestAdmin" name="test_stats_admin" time="0.050" /><testcase classname="backend.tests.test_chaioz_api.TestAdmin" name="test_admin_update_order_status" time="0.314" /><testcase classname="backend.tests.test_chaioz_api.TestAdmin" name="test_admin_update_menu_toggle" time="0.383" /></testsuite></testsuites>